<?xml version="1.0" encoding="UTF-8"?>
<!-- Generated by org.testng.reporters.JUnitReportReporter -->
<testsuite hostname="DIPAK" failures="0" tests="1" name="com.SauceDemo.TestClasses.TC03SingleProductAddToCartFunctionality" time="6.731" errors="0" timestamp="2022-05-31T14:39:43 IST" skipped="0">
  <testcase classname="com.SauceDemo.TestClasses.TC03SingleProductAddToCartFunctionality" name="checkSingleProductAddToCart" time="6.731"/>
  <system-out/>
</testsuite> <!-- com.SauceDemo.TestClasses.TC03SingleProductAddToCartFunctionality -->
